da020440 0.879944 S Ci:6:001:0 s a3 00 0000 0001 0004 4 <
da020440 0.879947 C Ci:6:001:0 0 4 = 00010000
da020440 0.879951 S Ci:6:001:0 s a3 00 0000 0002 0004 4 <
da020440 0.879953 C Ci:6:001:0 0 4 = 00010000
da020440 0.879955 S Ci:6:001:0 s a3 00 0000 0003 0004 4 <
da020440 0.879957 C Ci:6:001:0 0 4 = 01050100
da020440 0.879959 S Co:6:001:0 s 23 01 0010 0003 0000 0
da020440 0.879962 C Co:6:001:0 0 0
da020440 0.879964 S Ci:6:001:0 s a3 00 0000 0003 0004 4 <
da020440 0.879966 C Ci:6:001:0 0 4 = 01050000
da020440 0.911939 S Ci:6:001:0 s a3 00 0000 0003 0004 4 <
da020440 0.911949 C Ci:6:001:0 0 4 = 01050000
da020440 0.943967 S Ci:6:001:0 s a3 00 0000 0003 0004 4 <
da020440 0.943982 C Ci:6:001:0 0 4 = 01050000
da020440 0.975937 S Ci:6:001:0 s a3 00 0000 0003 0004 4 <
da020440 0.975946 C Ci:6:001:0 0 4 = 01050000
da020440 1.007949 S Ci:6:001:0 s a3 00 0000 0003 0004 4 <
da020440 1.007959 C Ci:6:001:0 0 4 = 01050000
da020440 1.007977 S Co:6:001:0 s 23 03 0004 0003 0000 0
da020440 1.007981 C Co:6:001:0 0 0
da020440 1.063928 S Ci:6:001:0 s a3 00 0000 0003 0004 4 <
da020440 1.064109 C Ci:6:001:0 0 4 = 01051000
da020440 1.119931 S Ci:6:001:0 s a3 00 0000 0003 0004 4 <
da020440 1.119936 C Ci:6:001:0 0 4 = 00010100
da020440 1.119939 S Co:6:001:0 s 23 01 0014 0003 0000 0
da020440 1.119942 C Co:6:001:0 0 0
da020440 1.119944 S Co:6:001:0 s 23 01 0001 0003 0000 0
da020440 1.119946 C Co:6:001:0 0 0
da020440 1.119950 S Co:6:001:0 s 23 01 0001 0003 0000 0
da020440 1.119953 C Co:6:001:0 0 0
da020440 1.119955 S Ci:6:001:0 s a3 00 0000 0004 0004 4 <
da020440 1.119956 C Ci:6:001:0 0 4 = 00010000
da020440 1.119959 S Ci:6:001:0 s a3 00 0000 0003 0004 4 <
da020440 1.119961 C Ci:6:001:0 0 4 = 00010000
da020440 1.119965 S Ci:2:001:0 s a3 00 0000 0001 0004 4 <
da020440 1.119970 C Ci:2:001:0 0 4 = 01010100
da020440 1.119971 S Co:2:001:0 s 23 01 0010 0001 0000 0
da020440 1.119974 C Co:2:001:0 0 0
da020440 1.119975 S Ci:2:001:0 s a3 00 0000 0001 0004 4 <
da020440 1.119979 C Ci:2:001:0 0 4 = 01010000
da020440 1.151925 S Ci:2:001:0 s a3 00 0000 0001 0004 4 <
da020440 1.151935 C Ci:2:001:0 0 4 = 01010000
da020440 1.183945 S Ci:2:001:0 s a3 00 0000 0001 0004 4 <
da020440 1.183953 C Ci:2:001:0 0 4 = 01010000
da020440 1.215939 S Ci:2:001:0 s a3 00 0000 0001 0004 4 <
da020440 1.215953 C Ci:2:001:0 0 4 = 01010000
da020440 1.247947 S Ci:2:001:0 s a3 00 0000 0001 0004 4 <
da020440 1.247965 C Ci:2:001:0 0 4 = 01010000
da020440 1.247979 S Co:2:001:0 s 23 03 0004 0001 0000 0
da020440 1.247986 C Co:2:001:0 0 0
da020440 1.303949 S Ci:2:001:0 s a3 00 0000 0001 0004 4 <
da020440 1.303972 C Ci:2:001:0 0 4 = 03010000
da0303c0 1.363926 S Co:2:001:0 s 23 01 0014 0001 0000 0
da0303c0 1.363931 C Co:2:001:0 0 0
da0303c0 1.363944 S Ci:2:000:0 s 80 06 0100 0000 0040 64 <
da0303c0 1.371957 C Ci:2:000:0 0 18 = 00b8b8b8 328a1412 01000100 0000406a 0b46
da0303c0 1.372065 S Ci:2:000:0 s 80 06 0100 0000 0040 64 <
da0303c0 1.379961 C Ci:2:000:0 0 18 = 12010001 00000040 6a0b4653 34120102 0301
da0303c0 1.381097 S Co:2:001:0 s 23 03 0004 0001 0000 0
da0303c0 1.381103 C Co:2:001:0 0 0
da0303c0 1.436927 S Ci:2:001:0 s a3 00 0000 0001 0004 4 <
da0303c0 1.436951 C Ci:2:001:0 0 4 = 01010000
da0303c0 1.492937 S Ci:2:001:0 s a3 00 0000 0001 0004 4 <
da0303c0 1.492955 C Ci:2:001:0 0 4 = 03010000
da0303c0 1.548927 S Co:2:001:0 s 23 01 0014 0001 0000 0
da0303c0 1.548932 C Co:2:001:0 0 0
da0303c0 1.548935 S Co:2:000:0 s 00 05 0002 0000 0000 0
da0303c0 1.554957 C Co:2:000:0 0 0
da0303c0 1.572478 S Ci:2:002:0 s 80 06 0100 0000 0012 18 <
da0303c0 1.579963 C Ci:2:002:0 0 18 = 12010001 00000040 6a0b4653 34120102 0301
da0303c0 1.580022 S Ci:2:002:0 s 80 06 0200 0000 0009 9 <
da0303c0 1.587957 C Ci:2:002:0 0 9 = 09022200 010100e0 01
da0303c0 1.587989 S Ci:2:002:0 s 80 06 0200 0000 0022 34 <
da0303c0 1.595965 C Ci:2:002:0 0 34 = 09022200 010100e0 01090400 00010300 00000921 10010001 222b0007 05830340
da0303c0 1.596009 S Ci:2:002:0 s 80 06 0300 0000 00ff 255 <
da0303c0 1.604958 C Ci:2:002:0 0 4 = 04030904
da0303c0 1.604984 S Ci:2:002:0 s 80 06 0302 0409 00ff 255 <
da0303c0 1.613958 C Ci:2:002:0 0 24 = 18034d00 41005800 33003400 32003100 45002000 45006e00
da0303c0 1.613991 S Ci:2:002:0 s 80 06 0301 0409 00ff 255 <
da0303c0 1.622959 C Ci:2:002:0 0 12 = 0c034d00 61007800 69006d00
da0303c0 1.622995 S Ci:2:002:0 s 80 06 0303 0409 00ff 255 <
da0303c0 1.631958 C Ci:2:002:0 0 20 = 14035300 2f004e00 20003300 34003200 31004500
da0303c0 1.632119 S Co:2:002:0 s 00 09 0001 0000 0000 0
da0303c0 1.640967 C Co:2:002:0 0 0
da0303c0 1.641085 S Co:2:002:0 s 21 0a 0000 0000 0000 0
da0303c0 1.646962 C Co:2:002:0 -32 0
da0303c0 1.646995 S Ci:2:002:0 s 81 06 2200 0000 002b 43 <
da0303c0 1.651981 C Ci:2:002:0 0 43 = 05010906 a1010507 19e029e7 15002501 75019508 81029501 75088101 19002965
da030ac0 1.652152 S Ci:2:002:0 s 80 06 0303 0409 00ff 255 <
da030ac0 1.657961 C Ci:2:002:0 0 20 = 14035300 2f004e00 20003300 34003200 31004500
da030ac0 1.658000 S Ci:2:002:0 s a1 01 0100 0000 0003 64 <
da030ac0 1.662961 C Ci:2:002:0 -32 0
da0303c0 1.691680 S Ii:2:002:3 -:-606348325 3 <
da0303c0 1.698967 C Ii:2:002:3 0:-606348325 3 = 000000
da0303c0 1.698975 S Ii:2:002:3 -:-606348325 3 <
da0303c0 1.706967 C Ii:2:002:3 0:-606348325 3 = 000000
da0303c0 1.706973 S Ii:2:002:3 -:-606348325 3 <
da0303c0 1.714965 C Ii:2:002:3 0:-606348325 3 = 000000
da0303c0 1.714973 S Ii:2:002:3 -:-606348325 3 <
da0303c0 1.722960 C Ii:2:002:3 0:-606348325 3 = 000000
da0303c0 1.722963 S Ii:2:002:3 -:-606348325 3 <
da0208c0 1.724740 S Ci:2:001:0 s a3 00 0000 0002 0004 4 <
da0208c0 1.724745 C Ci:2:001:0 0 4 = 00010000
