ref	value	footprint
C1	100uf	2mmradial
C10	0.1uf	0402
C100	1uf	0402
C101	1uf	0402
C102	1uf	0402
C103	1uf	0402
C104	1uf	0402
C105	0.47uf	0402
C106	0.47uf	0402
C107	0.47uf	0402
C108	0.47uf	0402
C109	0.15uf	0402
C11	0.1uf	0402
C110	0.15uf	0402
C111	0.1uf	0402
C112	0.1uf	0402
C113	0.01uf	0402
C114	0.01uf	0402
C115	1uf	0402
C116	1uf	0402
C117	1uf	0402
C118	0.47uf	0402
C119	0.47uf	0402
C12	10uf	0603
C120	0.47uf	0402
C121	0.47uf	0402
C122	0.15uf	0402
C123	0.15uf	0402
C124	0.1uf	0402
C125	0.1uf	0402
C126	0.01uf	0402
C127	0.01uf	0402
C128	1uf	0402
C129	1uf	0402
C13	10uf	0603
C130	1uf	0402
C131	0.47uf	0402
C132	0.47uf	0402
C133	0.47uf	0402
C134	0.47uf	0402
C135	0.15uf	0402
C136	0.15uf	0402
C137	0.1uf	0402
C138	0.1uf	0402
C139	0.01uf	0402
C14	10uf	0805
C140	0.01uf	0402
C141	1uf	0402
C142	1uf	0402
C143	1uf	0402
C144	0.47uf	0402
C145	0.47uf	0402
C146	0.47uf	0402
C147	0.47uf	0402
C148	0.15uf	0402
C149	0.15uf	0402
C15	0.1uf	0402
C150	0.1uf	0402
C151	0.1uf	0402
C152	0.01uf	0402
C153	0.01uf	0402
C154	1uf	0402
C155	1uf	0402
C156	1uf	0402
C157	0.47uf	0402
C158	0.47uf	0402
C159	0.47uf	0402
C16	0.1uf	0402
C160	0.47uf	0402
C161	0.15uf	0402
C162	0.15uf	0402
C163	0.1uf	0402
C164	0.1uf	0402
C165	0.01uf	0402
C166	0.01uf	0402
C167	1uf	0402
C168	1uf	0402
C169	1uf	0402
C17	1uf	0402
C170	0.47uf	0402
C171	0.47uf	0402
C172	0.47uf	0402
C173	0.47uf	0402
C174	0.15uf	0402
C175	0.15uf	0402
C176	0.1uf	0402
C177	0.1uf	0402
C178	0.01uf	0402
C179	0.01uf	0402
C18	2nf	0402
C180	1uf	0402
C181	1uf	0402
C182	1uf	0402
C183	0.47uf	0402
C184	0.47uf	0402
C185	0.47uf	0402
C186	0.47uf	0402
C187	0.15uf	0402
C188	0.15uf	0402
C189	0.1uf	0402
C19	6.8nf	0402
C190	0.1uf	0402
C191	0.01uf	0402
C192	0.01uf	0402
C193	1uf	0402
C194	1uf	0402
C195	1uf	0402
C196	0.47uf	0402
C197	0.47uf	0402
C198	0.47uf	0402
C199	0.47uf	0402
C2	1uf	0402
C20	6.8nf	0402
C200	0.15uf	0402
C201	0.15uf	0402
C202	0.1uf	0402
C203	0.1uf	0402
C204	0.01uf	0402
C205	0.01uf	0402
C206	1uf	0402
C207	1uf	0402
C208	1uf	0402
C21	1uf	0402
C22	0.01uf	0402
C23	0.022uf	0402
C24	0.1uf	0402
C25	1uf	0402
C26	0.1uf	0402
C27	10uf	0603
C28	0.1uf	0402
C29	0.1uf	0402
C3	10uf	0603
C30	10uf	0603
C31	2nf	0402
C32	10uf	0603
C33	0.1uf	0402
C34	0.1uf	0402
C35	0.1uf	0402
C36	10uf	0603
C37	0.1uf	0402
C38	0.1uf	0402
C39	0.1uf	0402
C4	0.1uf	0402
C40	0.01uf	0402
C41	0.1uf	0402
C42	10uf	0805
C43	0.01uf	0402
C44	10uf	0603
C45	0.1uf	0402
C46	0.1uf	0402
C47	0.1uf	0402
C48	0.1uf	0402
C49	0.1uf	0402
C5	0.1uf	0402
C50	10uf	0603
C51	0.1uf	0402
C52	0.1uf	0402
C53	0.1uf	0402
C54	0.1uf	0402
C55	0.01uf	0402
C56	0.1uf	0402
C57	1uf	0402
C58	1uf	0402
C59	0.01uf	0402
C6	0.1uf	0402
C60	0.1uf	0402
C61	0.1uf	0402
C62	0.1uf	0402
C63	10uf	0805
C64	2nf	0402
C65	1uf	0402
C66	1uf	0402
C67	7pf	0402
C68	100uf	2mmradial
C69	1uf	0402
C7	0.1uf	0402
C70	7pf	0402
C71	1uf	0402
C72	0.1uf	0402
C73	1uf	0402
C74	2nf	0402
C75	100uf	2mmradial
C76	10uf	0805
C77	100uf	2mmradial
C78	1uf	0402
C79	1uf	0402
C8	0.1uf	0402
C80	18pf	0402
C81	1uf	0402
C82	18pf	0402
C83	0.1uf	0402
C84	1uf	0402
C85	0.01uf	0402
C86	1uf	0402
C87	0.1uf	0402
C88	100uf	2mmradial
C89	0.1uf	0402
C9	0.1uf	0402
C90	10uf tant	0805
C91	1uf	0402
C92	10uf tant	0805
C93	1uf	0402
C94	1uf	0402
C95	1uf	0402
C96	1uf	0402
C97	1uf	0402
C98	1uf	0402
C99	1uf	0402
D1	uclamp0501H	SOD-523
D10	UCLAMP33	SOD-323
D11	UCLAMP33	SOD-323
D12	ZENER	0603
D2	uclamp0501H	SOD-523
D3	uclamp0501H	SOD-523
D4	uclamp0501H	SOD-523
D5	LED	0603
D6	LED	0603
D7	uclamp0501H	SOD-523
D8	uclamp0501H	SOD-523
D9	uclamp0501H	SOD-523
F1	F2110	1206
L1	3.3uh	1210
L2	ferrite	0603
L3	3.3uh	1210
L4	ferrite	0603
L5	57uh	ELL6
L6	6.8uh	1008
L7	ferrite	0603
Q1	NDDS336P	SOT-23
Q2	NDS336P	SOT-23
Q3	NDS336P	SOT-23
R1	10k	0402
R10	270	0402
R100	5.6k	0402
R101	5.6k	0402
R102	4.5k	0402
R103	4.5k	0402
R104	22k	0402
R105	22k	0402
R106	10k	0402
R107	10k	0402
R108	58k	0402
R109	58k	0402
R11	25	0402
R110	3.3k	0402
R111	3.3k	0402
R112	100k	0402
R113	100k	0402
R114	820k	0402
R115	820k	0402
R116	5.6k	0402
R117	5.6k	0402
R118	4.5k	0402
R119	4.5k	0402
R12	50	0402
R120	22k	0402
R121	22k	0402
R122	10k	0402
R123	10k	0402
R124	58k	0402
R125	58k	0402
R126	3.3k	0402
R127	3.3k	0402
R128	100k	0402
R129	100k	0402
R13	100k	0402
R130	820k	0402
R131	820k	0402
R132	5.6k	0402
R133	5.6k	0402
R134	4.5k	0402
R135	4.5k	0402
R136	22k	0402
R137	22k	0402
R138	10k	0402
R139	10k	0402
R14	10	0402
R140	58k	0402
R141	58k	0402
R142	3.3k	0402
R143	3.3k	0402
R144	100k	0402
R145	100k	0402
R146	820k	0402
R147	820k	0402
R148	5.6k	0402
R149	5.6k	0402
R15	50	0402
R150	4.5k	0402
R151	4.5k	0402
R152	22k	0402
R153	22k	0402
R154	10k	0402
R155	10k	0402
R156	58k	0402
R157	58k	0402
R158	3.3k	0402
R159	3.3k	0402
R16	50	0402
R160	100k	0402
R161	100k	0402
R162	820k	0402
R163	820k	0402
R164	5.6k	0402
R165	5.6k	0402
R166	4.5k	0402
R167	4.5k	0402
R168	22k	0402
R169	22k	0402
R17	50	0402
R170	10k	0402
R171	10k	0402
R172	58k	0402
R173	58k	0402
R174	3.3k	0402
R175	3.3k	0402
R176	100k	0402
R177	100k	0402
R178	820k	0402
R179	820k	0402
R18	5k	0402
R180	5.6k	0402
R181	5.6k	0402
R182	4.5k	0402
R183	4.5k	0402
R184	22k	0402
R185	22k	0402
R19	10k	0402
R2	100k	0402
R20	12.4k	0603
R21	10k	0402
R22	180	0402
R23	50k	0402
R24	500k	0402
R25	180	0402
R26	10k	0402
R27	10k	0402
R28	10k	0402
R29	10k	0402
R3	40k	0402
R30	10k	0402
R31	1.5k	0402
R32	100k	0402
R33	180k	0402
R35	100k	0402
R36	10k	0402
R37	2.2k	0402
R38	500k	0402
R39	10k	0402
R4	10k	0402
R40	2.2k	0402
R41	10k	0402
R42	50k	0402
R43	10k	0402
R44	100k	0402
R45	33	0402
R46	500k	0402
R47	180k	0402
R49	82k	0402
R5	10k	0402
R50	82k	0402
R51	50k	0402
R52	500	0402
R53	500k	0402
R54	100k	0402
R55	33	0402
R56	33	0402
R57	3.3k	0402
R58	10k	0402
R59	10k	0402
R6	10k	0402
R60	58k	0402
R61	58k	0402
R62	3.3k	0402
R63	3.3k	0402
R64	100k	0402
R65	100k	0402
R66	820k	0402
R67	820k	0402
R68	5.6k	0402
R69	5.6k	0402
R7	50k	0402
R70	4.5k	0402
R71	4.5k	0402
R72	22k	0402
R73	22k	0402
R74	10k	0402
R75	10k	0402
R76	58k	0402
R77	58k	0402
R78	3.3k	0402
R79	3.3k	0402
R8	270	0402
R80	100k	0402
R81	100k	0402
R82	820k	0402
R83	820k	0402
R84	5.6k	0402
R85	5.6k	0402
R86	4.5k	0402
R87	4.5k	0402
R88	22k	0402
R89	22k	0402
R9	25	0402
R90	10k	0402
R91	10k	0402
R92	58k	0402
R93	58k	0402
R94	3.3k	0402
R95	3.3k	0402
R96	100k	0402
R97	100k	0402
R98	820k	0402
R99	820k	0402
U1	TESTCON	7x100mil
U10	MT48LC16M16A2	VFBGA-54
U100	BC847BPN	SOT-363
U101	BC847BPN	SOT-363
U102	BC847BPN	SOT-363
U103	BC847BPN	SOT-363
U104	INA2322	TSSOP-14
U105	OPA4348	TSSOP-14
U106	NX3225SA	NDK_XTAL
U107	REG101	SOIC-8
U11	FAN2001	MLP-6
U12	ADM3202	TSSOP-16
U13	FDV301N	SOT-23
U14	RS232_CON	DB9
U15	LAN83C185	TQFP-64
U16	BF534/6/7	MBGA-182
U17	10X100	11x100mil
U18	74LCX541	TSSOP-20
U19	ADSP_JTAG_CON	7x2x100
U2	JUMP	2x100mil
U20	10X100	11x100mil
U21	ABM10XTAL	ABM10
U22	74LCX541	TSSOP-20
U23	BAT54S	SOT-23
U24	BAT54S	SOT-23
U25	NXT_CONN	NXT_CONN
U26	BAT54A	SOT-23
U27	S8354MC	SOT-23-5
U28	CAT32TDI	SOT-23-6
U29	MAX3421E	TQFP-32
U3	74LV594ADBR	TSSOP-16
U30	JUMP	2x100mil
U31	BAT54A	SOT-23
U32	BAT54A	SOT-23
U34	SPI_LCD	HIROSE-10
U35	FCI_USB_B	FCI_USB_A
U36	8X2X100	2x8x100mil
U37	8X2X100	2x8x100mil
U38	TLV2211	SOT-23-5
U39	ADUM2400	SOICW-16
U4	74LCX541	TSSOP-20
U40	ADUM2400	SOICW-16
U42	ZR4040-2.5	SOT-23
U43	JUMP	2x100mil
U44	8X100	8x100mil
U45	BAT54S	SOT-23
U46	78250M	78250
U47	MAX253	SOIC-8
U48	BAT54S	SOT-23
U49	JUMP	2x100mil
U5	FAN2001	MLP-6
U50	MNR18	0603x8
U51	MCP3304	SOIC-16
U52	MNR18	0603x8
U53	MCP3304	SOIC-16
U54	MNR18	0603x8
U55	MCP3304	SOIC-16
U56	MNR18	0603x8
U57	MCP3304	SOIC-16
U58	BC847BPN	SOT-363
U59	BC847BPN	SOT-363
U6	NRF24L01-BREAK	8x100mil
U60	BC847BPN	SOT-363
U61	BC847BPN	SOT-363
U62	INA2322	TSSOP-14
U63	OPA4348	TSSOP-14
U64	BC847BPN	SOT-363
U65	BC847BPN	SOT-363
U66	BC847BPN	SOT-363
U67	BC847BPN	SOT-363
U68	INA2322	TSSOP-14
U69	OPA4348	TSSOP-14
U7	ADM6713	SC-70-4
U70	BC847BPN	SOT-363
U71	BC847BPN	SOT-363
U72	BC847BPN	SOT-363
U73	BC847BPN	SOT-363
U74	INA2322	TSSOP-14
U75	OPA4348	TSSOP-14
U76	BC847BPN	SOT-363
U77	BC847BPN	SOT-363
U78	BC847BPN	SOT-363
U79	BC847BPN	SOT-363
U8	AT45DB081D	SOIC-8
U80	INA2322	TSSOP-14
U81	OPA4348	TSSOP-14
U82	BC847BPN	SOT-363
U83	BC847BPN	SOT-363
U84	BC847BPN	SOT-363
U85	BC847BPN	SOT-363
U86	INA2322	TSSOP-14
U87	OPA4348	TSSOP-14
U88	BC847BPN	SOT-363
U89	BC847BPN	SOT-363
U9	SFE-MAGJACK	SFE-MAGJACK
U90	BC847BPN	SOT-363
U91	BC847BPN	SOT-363
U92	INA2322	TSSOP-14
U93	OPA4348	TSSOP-14
U94	BC847BPN	SOT-363
U95	BC847BPN	SOT-363
U96	BC847BPN	SOT-363
U97	BC847BPN	SOT-363
U98	INA2322	TSSOP-14
U99	OPA4348	TSSOP-14
